{
  "/Users/anastasia/Desktop/react-component-rsschool-react-2023-q4-swapi/pages/index.ts": {
    "path": "/Users/anastasia/Desktop/react-component-rsschool-react-2023-q4-swapi/pages/index.ts",
    "statementMap": {
      "0": {
        "start": { "line": 5, "column": 34 },
        "end": { "line": 23, "column": null }
      },
      "1": {
        "start": { "line": 6, "column": 13 },
        "end": { "line": 22, "column": null }
      },
      "2": {
        "start": { "line": 7, "column": 24 },
        "end": { "line": 7, "column": null }
      },
      "3": {
        "start": { "line": 8, "column": 17 },
        "end": { "line": 8, "column": null }
      },
      "4": {
        "start": { "line": 10, "column": 4 },
        "end": { "line": 15, "column": null }
      },
      "5": {
        "start": { "line": 17, "column": 4 },
        "end": { "line": 17, "column": null }
      },
      "6": {
        "start": { "line": 19, "column": 4 },
        "end": { "line": 21, "column": null }
      }
    },
    "fnMap": {
      "0": {
        "name": "(anonymous_0)",
        "decl": {
          "start": { "line": 6, "column": 2 },
          "end": { "line": 6, "column": 3 }
        },
        "loc": {
          "start": { "line": 6, "column": 13 },
          "end": { "line": 22, "column": null }
        }
      },
      "1": {
        "name": "(anonymous_1)",
        "decl": {
          "start": { "line": 6, "column": 13 },
          "end": { "line": 6, "column": 20 }
        },
        "loc": {
          "start": { "line": 6, "column": 32 },
          "end": { "line": 22, "column": null }
        }
      }
    },
    "branchMap": {
      "0": {
        "loc": {
          "start": { "line": 7, "column": 24 },
          "end": { "line": 7, "column": null }
        },
        "type": "binary-expr",
        "locations": [
          {
            "start": { "line": 7, "column": 24 },
            "end": { "line": 7, "column": 48 }
          },
          {
            "start": { "line": 7, "column": 48 },
            "end": { "line": 7, "column": null }
          }
        ]
      },
      "1": {
        "loc": {
          "start": { "line": 8, "column": 17 },
          "end": { "line": 8, "column": null }
        },
        "type": "binary-expr",
        "locations": [
          {
            "start": { "line": 8, "column": 17 },
            "end": { "line": 8, "column": 39 }
          },
          {
            "start": { "line": 8, "column": 39 },
            "end": { "line": 8, "column": null }
          }
        ]
      }
    },
    "s": { "0": 3, "1": 0, "2": 0, "3": 0, "4": 0, "5": 0, "6": 0 },
    "f": { "0": 0, "1": 0 },
    "b": { "0": [0, 0], "1": [0, 0] }
  },
  "/Users/anastasia/Desktop/react-component-rsschool-react-2023-q4-swapi/src/Components/Card/Card.tsx": {
    "path": "/Users/anastasia/Desktop/react-component-rsschool-react-2023-q4-swapi/src/Components/Card/Card.tsx",
    "statementMap": {
      "0": {
        "start": { "line": 18, "column": 34 },
        "end": { "line": 41, "column": null }
      },
      "1": {
        "start": { "line": 19, "column": 16 },
        "end": { "line": 19, "column": null }
      },
      "2": {
        "start": { "line": 20, "column": 19 },
        "end": { "line": 20, "column": null }
      },
      "3": {
        "start": { "line": 22, "column": 19 },
        "end": { "line": 22, "column": null }
      },
      "4": {
        "start": { "line": 23, "column": 28 },
        "end": { "line": 23, "column": null }
      },
      "5": {
        "start": { "line": 23, "column": 54 },
        "end": { "line": 23, "column": 72 }
      },
      "6": {
        "start": { "line": 25, "column": 2 },
        "end": { "line": 39, "column": null }
      }
    },
    "fnMap": {
      "0": {
        "name": "(anonymous_0)",
        "decl": {
          "start": { "line": 18, "column": 34 },
          "end": { "line": 18, "column": 35 }
        },
        "loc": {
          "start": { "line": 18, "column": 48 },
          "end": { "line": 41, "column": null }
        }
      },
      "1": {
        "name": "(anonymous_1)",
        "decl": {
          "start": { "line": 23, "column": 43 },
          "end": { "line": 23, "column": 44 }
        },
        "loc": {
          "start": { "line": 23, "column": 54 },
          "end": { "line": 23, "column": 72 }
        }
      }
    },
    "branchMap": {
      "0": {
        "loc": {
          "start": { "line": 28, "column": 20 },
          "end": { "line": 28, "column": 56 }
        },
        "type": "cond-expr",
        "locations": [
          {
            "start": { "line": 28, "column": 36 },
            "end": { "line": 28, "column": 54 }
          },
          {
            "start": { "line": 28, "column": 54 },
            "end": { "line": 28, "column": 56 }
          }
        ]
      }
    },
    "s": { "0": 6, "1": 9, "2": 9, "3": 9, "4": 9, "5": 22, "6": 9 },
    "f": { "0": 9, "1": 22 },
    "b": { "0": [0, 9] }
  },
  "/Users/anastasia/Desktop/react-component-rsschool-react-2023-q4-swapi/src/Components/Details/Details.tsx": {
    "path": "/Users/anastasia/Desktop/react-component-rsschool-react-2023-q4-swapi/src/Components/Details/Details.tsx",
    "statementMap": {
      "0": {
        "start": { "line": 8, "column": 16 },
        "end": { "line": 68, "column": null }
      },
      "1": {
        "start": { "line": 9, "column": 17 },
        "end": { "line": 9, "column": null }
      },
      "2": {
        "start": { "line": 10, "column": 13 },
        "end": { "line": 10, "column": null }
      },
      "3": {
        "start": { "line": 17, "column": 6 },
        "end": { "line": 22, "column": null }
      },
      "4": {
        "start": { "line": 24, "column": 20 },
        "end": { "line": 24, "column": null }
      },
      "5": {
        "start": { "line": 26, "column": 2 },
        "end": { "line": 28, "column": null }
      },
      "6": {
        "start": { "line": 27, "column": 4 },
        "end": { "line": 27, "column": null }
      },
      "7": {
        "start": { "line": 30, "column": 2 },
        "end": { "line": 36, "column": null }
      },
      "8": {
        "start": { "line": 31, "column": 4 },
        "end": { "line": 34, "column": null }
      },
      "9": {
        "start": { "line": 38, "column": 2 },
        "end": { "line": 44, "column": null }
      },
      "10": {
        "start": { "line": 39, "column": 4 },
        "end": { "line": 42, "column": null }
      },
      "11": {
        "start": { "line": 46, "column": 2 },
        "end": { "line": 66, "column": null }
      }
    },
    "fnMap": {
      "0": {
        "name": "(anonymous_0)",
        "decl": {
          "start": { "line": 8, "column": 16 },
          "end": { "line": 8, "column": 22 }
        },
        "loc": {
          "start": { "line": 8, "column": 22 },
          "end": { "line": 68, "column": null }
        }
      },
      "1": {
        "name": "(anonymous_1)",
        "decl": {
          "start": { "line": 26, "column": 12 },
          "end": { "line": 26, "column": 18 }
        },
        "loc": {
          "start": { "line": 26, "column": 18 },
          "end": { "line": 28, "column": 5 }
        }
      }
    },
    "branchMap": {
      "0": {
        "loc": {
          "start": { "line": 18, "column": 4 },
          "end": { "line": 18, "column": null }
        },
        "type": "cond-expr",
        "locations": [
          {
            "start": { "line": 18, "column": 29 },
            "end": { "line": 18, "column": 34 }
          },
          {
            "start": { "line": 18, "column": 34 },
            "end": { "line": 18, "column": null }
          }
        ]
      },
      "1": {
        "loc": {
          "start": { "line": 30, "column": 2 },
          "end": { "line": 36, "column": null }
        },
        "type": "if",
        "locations": [
          {
            "start": { "line": 30, "column": 2 },
            "end": { "line": 36, "column": null }
          },
          {
            "start": { "line": 30, "column": 2 },
            "end": { "line": 36, "column": null }
          }
        ]
      },
      "2": {
        "loc": {
          "start": { "line": 30, "column": 6 },
          "end": { "line": 30, "column": 43 }
        },
        "type": "binary-expr",
        "locations": [
          {
            "start": { "line": 30, "column": 6 },
            "end": { "line": 30, "column": 25 }
          },
          {
            "start": { "line": 30, "column": 25 },
            "end": { "line": 30, "column": 43 }
          }
        ]
      },
      "3": {
        "loc": {
          "start": { "line": 38, "column": 2 },
          "end": { "line": 44, "column": null }
        },
        "type": "if",
        "locations": [
          {
            "start": { "line": 38, "column": 2 },
            "end": { "line": 44, "column": null }
          },
          {
            "start": { "line": 38, "column": 2 },
            "end": { "line": 44, "column": null }
          }
        ]
      },
      "4": {
        "loc": {
          "start": { "line": 50, "column": 9 },
          "end": { "line": 54, "column": null }
        },
        "type": "binary-expr",
        "locations": [
          {
            "start": { "line": 50, "column": 9 },
            "end": { "line": 50, "column": null }
          },
          {
            "start": { "line": 51, "column": 10 },
            "end": { "line": 54, "column": null }
          }
        ]
      },
      "5": {
        "loc": {
          "start": { "line": 56, "column": 9 },
          "end": { "line": 60, "column": null }
        },
        "type": "binary-expr",
        "locations": [
          {
            "start": { "line": 56, "column": 9 },
            "end": { "line": 56, "column": null }
          },
          {
            "start": { "line": 57, "column": 10 },
            "end": { "line": 60, "column": null }
          }
        ]
      },
      "6": {
        "loc": {
          "start": { "line": 59, "column": 13 },
          "end": { "line": 59, "column": null }
        },
        "type": "cond-expr",
        "locations": [
          {
            "start": { "line": 59, "column": 44 },
            "end": { "line": 59, "column": 53 }
          },
          {
            "start": { "line": 59, "column": 53 },
            "end": { "line": 59, "column": null }
          }
        ]
      }
    },
    "s": {
      "0": 2,
      "1": 7,
      "2": 7,
      "3": 7,
      "4": 7,
      "5": 7,
      "6": 2,
      "7": 7,
      "8": 4,
      "9": 3,
      "10": 1,
      "11": 2
    },
    "f": { "0": 7, "1": 2 },
    "b": {
      "0": [7, 0],
      "1": [4, 3],
      "2": [7, 3],
      "3": [1, 2],
      "4": [2, 2],
      "5": [2, 2],
      "6": [0, 2]
    }
  },
  "/Users/anastasia/Desktop/react-component-rsschool-react-2023-q4-swapi/src/Components/Error/ErrorButton.tsx": {
    "path": "/Users/anastasia/Desktop/react-component-rsschool-react-2023-q4-swapi/src/Components/Error/ErrorButton.tsx",
    "statementMap": {
      "0": {
        "start": { "line": 3, "column": 20 },
        "end": { "line": 19, "column": null }
      },
      "1": {
        "start": { "line": 4, "column": 34 },
        "end": { "line": 4, "column": null }
      },
      "2": {
        "start": { "line": 6, "column": 22 },
        "end": { "line": 8, "column": null }
      },
      "3": {
        "start": { "line": 7, "column": 4 },
        "end": { "line": 7, "column": null }
      },
      "4": {
        "start": { "line": 10, "column": 2 },
        "end": { "line": 12, "column": null }
      },
      "5": {
        "start": { "line": 11, "column": 4 },
        "end": { "line": 11, "column": null }
      },
      "6": {
        "start": { "line": 14, "column": 2 },
        "end": { "line": 17, "column": null }
      }
    },
    "fnMap": {
      "0": {
        "name": "(anonymous_0)",
        "decl": {
          "start": { "line": 3, "column": 20 },
          "end": { "line": 3, "column": 26 }
        },
        "loc": {
          "start": { "line": 3, "column": 26 },
          "end": { "line": 19, "column": null }
        }
      },
      "1": {
        "name": "(anonymous_1)",
        "decl": {
          "start": { "line": 6, "column": 22 },
          "end": { "line": 6, "column": 28 }
        },
        "loc": {
          "start": { "line": 6, "column": 28 },
          "end": { "line": 8, "column": null }
        }
      }
    },
    "branchMap": {
      "0": {
        "loc": {
          "start": { "line": 10, "column": 2 },
          "end": { "line": 12, "column": null }
        },
        "type": "if",
        "locations": [
          {
            "start": { "line": 10, "column": 2 },
            "end": { "line": 12, "column": null }
          },
          {
            "start": { "line": 10, "column": 2 },
            "end": { "line": 12, "column": null }
          }
        ]
      }
    },
    "s": { "0": 6, "1": 15, "2": 14, "3": 1, "4": 14, "5": 4, "6": 10 },
    "f": { "0": 15, "1": 1 },
    "b": { "0": [4, 10] }
  },
  "/Users/anastasia/Desktop/react-component-rsschool-react-2023-q4-swapi/src/Components/Error/NotFound.tsx": {
    "path": "/Users/anastasia/Desktop/react-component-rsschool-react-2023-q4-swapi/src/Components/Error/NotFound.tsx",
    "statementMap": {
      "0": {
        "start": { "line": 2, "column": 2 },
        "end": { "line": 6, "column": null }
      }
    },
    "fnMap": {
      "0": {
        "name": "ErrorPage",
        "decl": {
          "start": { "line": 1, "column": 24 },
          "end": { "line": 1, "column": 36 }
        },
        "loc": {
          "start": { "line": 1, "column": 36 },
          "end": { "line": 8, "column": null }
        }
      }
    },
    "branchMap": {},
    "s": { "0": 1 },
    "f": { "0": 1 },
    "b": {}
  },
  "/Users/anastasia/Desktop/react-component-rsschool-react-2023-q4-swapi/src/Components/Loader/Loader.tsx": {
    "path": "/Users/anastasia/Desktop/react-component-rsschool-react-2023-q4-swapi/src/Components/Loader/Loader.tsx",
    "statementMap": {
      "0": {
        "start": { "line": 1, "column": 15 },
        "end": { "line": 3, "column": null }
      },
      "1": {
        "start": { "line": 2, "column": 2 },
        "end": { "line": 2, "column": null }
      }
    },
    "fnMap": {
      "0": {
        "name": "(anonymous_0)",
        "decl": {
          "start": { "line": 1, "column": 15 },
          "end": { "line": 1, "column": 21 }
        },
        "loc": {
          "start": { "line": 1, "column": 21 },
          "end": { "line": 3, "column": null }
        }
      }
    },
    "branchMap": {},
    "s": { "0": 6, "1": 10 },
    "f": { "0": 10 },
    "b": {}
  },
  "/Users/anastasia/Desktop/react-component-rsschool-react-2023-q4-swapi/src/Components/Main/Main.tsx": {
    "path": "/Users/anastasia/Desktop/react-component-rsschool-react-2023-q4-swapi/src/Components/Main/Main.tsx",
    "statementMap": {
      "0": {
        "start": { "line": 9, "column": 13 },
        "end": { "line": 107, "column": null }
      },
      "1": {
        "start": { "line": 10, "column": 17 },
        "end": { "line": 10, "column": null }
      },
      "2": {
        "start": { "line": 12, "column": 22 },
        "end": { "line": 12, "column": null }
      },
      "3": {
        "start": { "line": 14, "column": 22 },
        "end": { "line": 14, "column": null }
      },
      "4": {
        "start": { "line": 16, "column": 15 },
        "end": { "line": 16, "column": null }
      },
      "5": {
        "start": { "line": 18, "column": 26 },
        "end": { "line": 21, "column": null }
      },
      "6": {
        "start": { "line": 24, "column": 4 },
        "end": { "line": 24, "column": null }
      },
      "7": {
        "start": { "line": 26, "column": 19 },
        "end": { "line": 26, "column": null }
      },
      "8": {
        "start": { "line": 28, "column": 2 },
        "end": { "line": 30, "column": null }
      },
      "9": {
        "start": { "line": 29, "column": 4 },
        "end": { "line": 29, "column": null }
      },
      "10": {
        "start": { "line": 32, "column": 25 },
        "end": { "line": 38, "column": null }
      },
      "11": {
        "start": { "line": 33, "column": 4 },
        "end": { "line": 37, "column": null }
      },
      "12": {
        "start": { "line": 34, "column": 23 },
        "end": { "line": 34, "column": null }
      },
      "13": {
        "start": { "line": 35, "column": 20 },
        "end": { "line": 35, "column": null }
      },
      "14": {
        "start": { "line": 36, "column": 6 },
        "end": { "line": 36, "column": null }
      },
      "15": {
        "start": { "line": 40, "column": 25 },
        "end": { "line": 46, "column": null }
      },
      "16": {
        "start": { "line": 41, "column": 4 },
        "end": { "line": 45, "column": null }
      },
      "17": {
        "start": { "line": 42, "column": 23 },
        "end": { "line": 42, "column": null }
      },
      "18": {
        "start": { "line": 43, "column": 20 },
        "end": { "line": 43, "column": null }
      },
      "19": {
        "start": { "line": 44, "column": 6 },
        "end": { "line": 44, "column": null }
      },
      "20": {
        "start": { "line": 48, "column": 20 },
        "end": { "line": 48, "column": null }
      },
      "21": {
        "start": { "line": 50, "column": 2 },
        "end": { "line": 52, "column": null }
      },
      "22": {
        "start": { "line": 51, "column": 4 },
        "end": { "line": 51, "column": null }
      },
      "23": {
        "start": { "line": 54, "column": 2 },
        "end": { "line": 61, "column": null }
      },
      "24": {
        "start": { "line": 55, "column": 4 },
        "end": { "line": 59, "column": null }
      },
      "25": {
        "start": { "line": 63, "column": 2 },
        "end": { "line": 70, "column": null }
      },
      "26": {
        "start": { "line": 64, "column": 4 },
        "end": { "line": 68, "column": null }
      },
      "27": {
        "start": { "line": 72, "column": 2 },
        "end": { "line": 105, "column": null }
      },
      "28": {
        "start": { "line": 80, "column": 16 },
        "end": { "line": 80, "column": null }
      },
      "29": {
        "start": { "line": 88, "column": 27 },
        "end": { "line": 88, "column": null }
      },
      "30": {
        "start": { "line": 98, "column": 27 },
        "end": { "line": 98, "column": null }
      }
    },
    "fnMap": {
      "0": {
        "name": "(anonymous_0)",
        "decl": {
          "start": { "line": 9, "column": 13 },
          "end": { "line": 9, "column": 14 }
        },
        "loc": {
          "start": { "line": 9, "column": 71 },
          "end": { "line": 107, "column": null }
        }
      },
      "1": {
        "name": "(anonymous_1)",
        "decl": {
          "start": { "line": 32, "column": 25 },
          "end": { "line": 32, "column": 37 }
        },
        "loc": {
          "start": { "line": 32, "column": 37 },
          "end": { "line": 38, "column": null }
        }
      },
      "2": {
        "name": "(anonymous_2)",
        "decl": {
          "start": { "line": 40, "column": 25 },
          "end": { "line": 40, "column": 37 }
        },
        "loc": {
          "start": { "line": 40, "column": 37 },
          "end": { "line": 46, "column": null }
        }
      },
      "3": {
        "name": "(anonymous_3)",
        "decl": {
          "start": { "line": 79, "column": 31 },
          "end": { "line": 79, "column": 32 }
        },
        "loc": {
          "start": { "line": 80, "column": 16 },
          "end": { "line": 80, "column": null }
        }
      },
      "4": {
        "name": "(anonymous_4)",
        "decl": {
          "start": { "line": 88, "column": 21 },
          "end": { "line": 88, "column": 27 }
        },
        "loc": {
          "start": { "line": 88, "column": 27 },
          "end": { "line": 88, "column": null }
        }
      },
      "5": {
        "name": "(anonymous_5)",
        "decl": {
          "start": { "line": 98, "column": 21 },
          "end": { "line": 98, "column": 27 }
        },
        "loc": {
          "start": { "line": 98, "column": 27 },
          "end": { "line": 98, "column": null }
        }
      }
    },
    "branchMap": {
      "0": {
        "loc": {
          "start": { "line": 12, "column": 22 },
          "end": { "line": 12, "column": null }
        },
        "type": "binary-expr",
        "locations": [
          {
            "start": { "line": 12, "column": 22 },
            "end": { "line": 12, "column": 43 }
          },
          {
            "start": { "line": 12, "column": 43 },
            "end": { "line": 12, "column": null }
          }
        ]
      },
      "1": {
        "loc": {
          "start": { "line": 14, "column": 22 },
          "end": { "line": 14, "column": null }
        },
        "type": "binary-expr",
        "locations": [
          {
            "start": { "line": 14, "column": 22 },
            "end": { "line": 14, "column": 45 }
          },
          {
            "start": { "line": 14, "column": 45 },
            "end": { "line": 14, "column": null }
          }
        ]
      },
      "2": {
        "loc": {
          "start": { "line": 16, "column": 15 },
          "end": { "line": 16, "column": null }
        },
        "type": "binary-expr",
        "locations": [
          {
            "start": { "line": 16, "column": 15 },
            "end": { "line": 16, "column": 36 }
          },
          {
            "start": { "line": 16, "column": 36 },
            "end": { "line": 16, "column": null }
          }
        ]
      },
      "3": {
        "loc": {
          "start": { "line": 28, "column": 2 },
          "end": { "line": 30, "column": null }
        },
        "type": "if",
        "locations": [
          {
            "start": { "line": 28, "column": 2 },
            "end": { "line": 30, "column": null }
          },
          {
            "start": { "line": 28, "column": 2 },
            "end": { "line": 30, "column": null }
          }
        ]
      },
      "4": {
        "loc": {
          "start": { "line": 33, "column": 4 },
          "end": { "line": 37, "column": null }
        },
        "type": "if",
        "locations": [
          {
            "start": { "line": 33, "column": 4 },
            "end": { "line": 37, "column": null }
          },
          {
            "start": { "line": 33, "column": 4 },
            "end": { "line": 37, "column": null }
          }
        ]
      },
      "5": {
        "loc": {
          "start": { "line": 41, "column": 4 },
          "end": { "line": 45, "column": null }
        },
        "type": "if",
        "locations": [
          {
            "start": { "line": 41, "column": 4 },
            "end": { "line": 45, "column": null }
          },
          {
            "start": { "line": 41, "column": 4 },
            "end": { "line": 45, "column": null }
          }
        ]
      },
      "6": {
        "loc": {
          "start": { "line": 50, "column": 2 },
          "end": { "line": 52, "column": null }
        },
        "type": "if",
        "locations": [
          {
            "start": { "line": 50, "column": 2 },
            "end": { "line": 52, "column": null }
          },
          {
            "start": { "line": 50, "column": 2 },
            "end": { "line": 52, "column": null }
          }
        ]
      },
      "7": {
        "loc": {
          "start": { "line": 50, "column": 6 },
          "end": { "line": 50, "column": 31 }
        },
        "type": "binary-expr",
        "locations": [
          {
            "start": { "line": 50, "column": 6 },
            "end": { "line": 50, "column": 19 }
          },
          {
            "start": { "line": 50, "column": 19 },
            "end": { "line": 50, "column": 31 }
          }
        ]
      },
      "8": {
        "loc": {
          "start": { "line": 54, "column": 2 },
          "end": { "line": 61, "column": null }
        },
        "type": "if",
        "locations": [
          {
            "start": { "line": 54, "column": 2 },
            "end": { "line": 61, "column": null }
          },
          {
            "start": { "line": 54, "column": 2 },
            "end": { "line": 61, "column": null }
          }
        ]
      },
      "9": {
        "loc": {
          "start": { "line": 63, "column": 2 },
          "end": { "line": 70, "column": null }
        },
        "type": "if",
        "locations": [
          {
            "start": { "line": 63, "column": 2 },
            "end": { "line": 70, "column": null }
          },
          {
            "start": { "line": 63, "column": 2 },
            "end": { "line": 70, "column": null }
          }
        ]
      },
      "10": {
        "loc": {
          "start": { "line": 78, "column": 13 },
          "end": { "line": 81, "column": null }
        },
        "type": "binary-expr",
        "locations": [
          {
            "start": { "line": 78, "column": 13 },
            "end": { "line": 78, "column": null }
          },
          {
            "start": { "line": 79, "column": 14 },
            "end": { "line": 81, "column": null }
          }
        ]
      }
    },
    "s": {
      "0": 5,
      "1": 17,
      "2": 17,
      "3": 17,
      "4": 17,
      "5": 17,
      "6": 17,
      "7": 17,
      "8": 17,
      "9": 7,
      "10": 17,
      "11": 1,
      "12": 1,
      "13": 1,
      "14": 1,
      "15": 17,
      "16": 1,
      "17": 1,
      "18": 1,
      "19": 1,
      "20": 17,
      "21": 17,
      "22": 9,
      "23": 8,
      "24": 1,
      "25": 7,
      "26": 1,
      "27": 6,
      "28": 6,
      "29": 1,
      "30": 1
    },
    "f": { "0": 17, "1": 1, "2": 1, "3": 6, "4": 1, "5": 1 },
    "b": {
      "0": [17, 17],
      "1": [17, 17],
      "2": [17, 17],
      "3": [7, 10],
      "4": [1, 0],
      "5": [1, 0],
      "6": [9, 8],
      "7": [17, 8],
      "8": [1, 7],
      "9": [1, 6],
      "10": [6, 6]
    }
  },
  "/Users/anastasia/Desktop/react-component-rsschool-react-2023-q4-swapi/src/Components/SearchBar/SearchBar.tsx": {
    "path": "/Users/anastasia/Desktop/react-component-rsschool-react-2023-q4-swapi/src/Components/SearchBar/SearchBar.tsx",
    "statementMap": {
      "0": {
        "start": { "line": 5, "column": 18 },
        "end": { "line": 41, "column": null }
      },
      "1": {
        "start": { "line": 6, "column": 38 },
        "end": { "line": 6, "column": null }
      },
      "2": {
        "start": { "line": 7, "column": 17 },
        "end": { "line": 7, "column": null }
      },
      "3": {
        "start": { "line": 9, "column": 28 },
        "end": { "line": 12, "column": null }
      },
      "4": {
        "start": { "line": 10, "column": 4 },
        "end": { "line": 10, "column": null }
      },
      "5": {
        "start": { "line": 11, "column": 4 },
        "end": { "line": 11, "column": null }
      },
      "6": {
        "start": { "line": 14, "column": 22 },
        "end": { "line": 19, "column": null }
      },
      "7": {
        "start": { "line": 17, "column": 4 },
        "end": { "line": 17, "column": null }
      },
      "8": {
        "start": { "line": 18, "column": 4 },
        "end": { "line": 18, "column": null }
      },
      "9": {
        "start": { "line": 21, "column": 2 },
        "end": { "line": 39, "column": null }
      },
      "10": {
        "start": { "line": 31, "column": 29 },
        "end": { "line": 31, "column": null }
      },
      "11": {
        "start": { "line": 33, "column": 48 },
        "end": { "line": 33, "column": 64 }
      }
    },
    "fnMap": {
      "0": {
        "name": "(anonymous_0)",
        "decl": {
          "start": { "line": 5, "column": 18 },
          "end": { "line": 5, "column": 24 }
        },
        "loc": {
          "start": { "line": 5, "column": 24 },
          "end": { "line": 41, "column": null }
        }
      },
      "1": {
        "name": "(anonymous_1)",
        "decl": {
          "start": { "line": 9, "column": 28 },
          "end": { "line": 9, "column": 29 }
        },
        "loc": {
          "start": { "line": 9, "column": 76 },
          "end": { "line": 12, "column": null }
        }
      },
      "2": {
        "name": "(anonymous_2)",
        "decl": {
          "start": { "line": 14, "column": 22 },
          "end": { "line": 14, "column": null }
        },
        "loc": {
          "start": { "line": 16, "column": 7 },
          "end": { "line": 19, "column": null }
        }
      },
      "3": {
        "name": "(anonymous_3)",
        "decl": {
          "start": { "line": 31, "column": 22 },
          "end": { "line": 31, "column": 23 }
        },
        "loc": {
          "start": { "line": 31, "column": 29 },
          "end": { "line": 31, "column": null }
        }
      },
      "4": {
        "name": "(anonymous_4)",
        "decl": {
          "start": { "line": 33, "column": 41 },
          "end": { "line": 33, "column": 42 }
        },
        "loc": {
          "start": { "line": 33, "column": 48 },
          "end": { "line": 33, "column": 64 }
        }
      }
    },
    "branchMap": {},
    "s": {
      "0": 5,
      "1": 8,
      "2": 8,
      "3": 8,
      "4": 0,
      "5": 0,
      "6": 8,
      "7": 0,
      "8": 0,
      "9": 8,
      "10": 0,
      "11": 0
    },
    "f": { "0": 8, "1": 0, "2": 0, "3": 0, "4": 0 },
    "b": {}
  },
  "/Users/anastasia/Desktop/react-component-rsschool-react-2023-q4-swapi/src/Components/hooks/redux.ts": {
    "path": "/Users/anastasia/Desktop/react-component-rsschool-react-2023-q4-swapi/src/Components/hooks/redux.ts",
    "statementMap": {
      "0": {
        "start": { "line": 4, "column": 30 },
        "end": { "line": 4, "column": null }
      },
      "1": {
        "start": { "line": 4, "column": 36 },
        "end": { "line": 4, "column": null }
      },
      "2": {
        "start": { "line": 5, "column": 63 },
        "end": { "line": 5, "column": null }
      }
    },
    "fnMap": {
      "0": {
        "name": "(anonymous_0)",
        "decl": {
          "start": { "line": 4, "column": 30 },
          "end": { "line": 4, "column": 36 }
        },
        "loc": {
          "start": { "line": 4, "column": 36 },
          "end": { "line": 4, "column": null }
        }
      }
    },
    "branchMap": {},
    "s": { "0": 6, "1": 0, "2": 6 },
    "f": { "0": 0 },
    "b": {}
  },
  "/Users/anastasia/Desktop/react-component-rsschool-react-2023-q4-swapi/src/mocks/mockData.ts": {
    "path": "/Users/anastasia/Desktop/react-component-rsschool-react-2023-q4-swapi/src/mocks/mockData.ts",
    "statementMap": {
      "0": {
        "start": { "line": 1, "column": 27 },
        "end": { "line": 40, "column": null }
      },
      "1": {
        "start": { "line": 42, "column": 38 },
        "end": { "line": 47, "column": null }
      },
      "2": {
        "start": { "line": 49, "column": 33 },
        "end": { "line": 81, "column": null }
      }
    },
    "fnMap": {},
    "branchMap": {},
    "s": { "0": 5, "1": 5, "2": 5 },
    "f": {},
    "b": {}
  },
  "/Users/anastasia/Desktop/react-component-rsschool-react-2023-q4-swapi/src/services/PlanetService.ts": {
    "path": "/Users/anastasia/Desktop/react-component-rsschool-react-2023-q4-swapi/src/services/PlanetService.ts",
    "statementMap": {
      "0": {
        "start": { "line": 33, "column": 25 },
        "end": { "line": 57, "column": null }
      },
      "1": {
        "start": { "line": 37, "column": 4 },
        "end": { "line": 39, "column": null }
      },
      "2": {
        "start": { "line": 38, "column": 6 },
        "end": { "line": 38, "column": null }
      },
      "3": {
        "start": { "line": 41, "column": 25 },
        "end": { "line": 56, "column": null }
      },
      "4": {
        "start": { "line": 43, "column": 34 },
        "end": { "line": 49, "column": null }
      },
      "5": {
        "start": { "line": 52, "column": 22 },
        "end": { "line": 54, "column": null }
      }
    },
    "fnMap": {
      "0": {
        "name": "(anonymous_0)",
        "decl": {
          "start": { "line": 36, "column": 2 },
          "end": { "line": 36, "column": 25 }
        },
        "loc": {
          "start": { "line": 36, "column": 50 },
          "end": { "line": 40, "column": null }
        }
      },
      "1": {
        "name": "(anonymous_1)",
        "decl": {
          "start": { "line": 41, "column": 13 },
          "end": { "line": 41, "column": 14 }
        },
        "loc": {
          "start": { "line": 41, "column": 25 },
          "end": { "line": 56, "column": null }
        }
      },
      "2": {
        "name": "(anonymous_2)",
        "decl": {
          "start": { "line": 43, "column": 13 },
          "end": { "line": 43, "column": 14 }
        },
        "loc": {
          "start": { "line": 43, "column": 34 },
          "end": { "line": 49, "column": null }
        }
      },
      "3": {
        "name": "(anonymous_3)",
        "decl": {
          "start": { "line": 52, "column": 13 },
          "end": { "line": 52, "column": 14 }
        },
        "loc": {
          "start": { "line": 52, "column": 22 },
          "end": { "line": 54, "column": null }
        }
      }
    },
    "branchMap": {
      "0": {
        "loc": {
          "start": { "line": 37, "column": 4 },
          "end": { "line": 39, "column": null }
        },
        "type": "if",
        "locations": [
          {
            "start": { "line": 37, "column": 4 },
            "end": { "line": 39, "column": null }
          },
          {
            "start": { "line": 37, "column": 4 },
            "end": { "line": 39, "column": null }
          }
        ]
      }
    },
    "s": { "0": 7, "1": 155, "2": 0, "3": 7, "4": 4, "5": 2 },
    "f": { "0": 155, "1": 7, "2": 4, "3": 2 },
    "b": { "0": [0, 155] }
  },
  "/Users/anastasia/Desktop/react-component-rsschool-react-2023-q4-swapi/src/store/store.ts": {
    "path": "/Users/anastasia/Desktop/react-component-rsschool-react-2023-q4-swapi/src/store/store.ts",
    "statementMap": {
      "0": {
        "start": { "line": 6, "column": 20 },
        "end": { "line": 9, "column": null }
      },
      "1": {
        "start": { "line": 11, "column": 26 },
        "end": { "line": 17, "column": null }
      },
      "2": {
        "start": { "line": 12, "column": 2 },
        "end": { "line": 16, "column": null }
      },
      "3": {
        "start": { "line": 15, "column": 6 },
        "end": { "line": 15, "column": null }
      },
      "4": {
        "start": { "line": 23, "column": 23 },
        "end": { "line": 23, "column": null }
      }
    },
    "fnMap": {
      "0": {
        "name": "(anonymous_0)",
        "decl": {
          "start": { "line": 11, "column": 26 },
          "end": { "line": 11, "column": 32 }
        },
        "loc": {
          "start": { "line": 11, "column": 32 },
          "end": { "line": 17, "column": null }
        }
      },
      "1": {
        "name": "(anonymous_1)",
        "decl": {
          "start": { "line": 14, "column": 16 },
          "end": { "line": 14, "column": 17 }
        },
        "loc": {
          "start": { "line": 15, "column": 6 },
          "end": { "line": 15, "column": null }
        }
      }
    },
    "branchMap": {},
    "s": { "0": 4, "1": 4, "2": 1, "3": 1, "4": 4 },
    "f": { "0": 1, "1": 1 },
    "b": {}
  },
  "/Users/anastasia/Desktop/react-component-rsschool-react-2023-q4-swapi/src/store/reducers/DetailsSlice.ts": {
    "path": "/Users/anastasia/Desktop/react-component-rsschool-react-2023-q4-swapi/src/store/reducers/DetailsSlice.ts",
    "statementMap": {
      "0": {
        "start": { "line": 7, "column": 35 },
        "end": { "line": 9, "column": null }
      },
      "1": {
        "start": { "line": 11, "column": 28 },
        "end": { "line": 19, "column": null }
      },
      "2": {
        "start": { "line": 16, "column": 6 },
        "end": { "line": 16, "column": null }
      }
    },
    "fnMap": {
      "0": {
        "name": "(anonymous_0)",
        "decl": {
          "start": { "line": 15, "column": 4 },
          "end": { "line": 15, "column": 18 }
        },
        "loc": {
          "start": { "line": 15, "column": 57 },
          "end": { "line": 17, "column": null }
        }
      }
    },
    "branchMap": {},
    "s": { "0": 7, "1": 7, "2": 0 },
    "f": { "0": 0 },
    "b": {}
  },
  "/Users/anastasia/Desktop/react-component-rsschool-react-2023-q4-swapi/test-utils/createMockRoute.ts": {
    "path": "/Users/anastasia/Desktop/react-component-rsschool-react-2023-q4-swapi/test-utils/createMockRoute.ts",
    "statementMap": {
      "0": {
        "start": { "line": 5, "column": 2 },
        "end": { "line": 30, "column": null }
      }
    },
    "fnMap": {
      "0": {
        "name": "createMockRouter",
        "decl": {
          "start": { "line": 4, "column": 16 },
          "end": { "line": 4, "column": 33 }
        },
        "loc": {
          "start": { "line": 4, "column": 74 },
          "end": { "line": 31, "column": null }
        }
      }
    },
    "branchMap": {},
    "s": { "0": 13 },
    "f": { "0": 13 },
    "b": {}
  }
}
