{
  "/Users/anastasia/Desktop/react-component-rsschool-react-2023-q4-swapi/src/Components/Card/Card.tsx": {
    "path": "/Users/anastasia/Desktop/react-component-rsschool-react-2023-q4-swapi/src/Components/Card/Card.tsx",
    "statementMap": {
      "0": {
        "start": { "line": 17, "column": 34 },
        "end": { "line": 36, "column": null }
      },
      "1": {
        "start": { "line": 18, "column": 16 },
        "end": { "line": 18, "column": null }
      },
      "2": {
        "start": { "line": 19, "column": 19 },
        "end": { "line": 19, "column": null }
      },
      "3": {
        "start": { "line": 21, "column": 19 },
        "end": { "line": 21, "column": null }
      },
      "4": {
        "start": { "line": 23, "column": 2 },
        "end": { "line": 34, "column": null }
      }
    },
    "fnMap": {
      "0": {
        "name": "(anonymous_0)",
        "decl": {
          "start": { "line": 17, "column": 34 },
          "end": { "line": 17, "column": 35 }
        },
        "loc": {
          "start": { "line": 17, "column": 48 },
          "end": { "line": 36, "column": null }
        }
      }
    },
    "branchMap": {},
    "s": { "0": 4, "1": 17, "2": 17, "3": 17, "4": 17 },
    "f": { "0": 17 },
    "b": {}
  },
  "/Users/anastasia/Desktop/react-component-rsschool-react-2023-q4-swapi/src/Components/Details/Details.tsx": {
    "path": "/Users/anastasia/Desktop/react-component-rsschool-react-2023-q4-swapi/src/Components/Details/Details.tsx",
    "statementMap": {
      "0": {
        "start": { "line": 6, "column": 16 },
        "end": { "line": 58, "column": null }
      },
      "1": {
        "start": { "line": 7, "column": 17 },
        "end": { "line": 7, "column": null }
      },
      "2": {
        "start": { "line": 14, "column": 6 },
        "end": { "line": 14, "column": null }
      },
      "3": {
        "start": { "line": 16, "column": 20 },
        "end": { "line": 16, "column": null }
      },
      "4": {
        "start": { "line": 18, "column": 2 },
        "end": { "line": 20, "column": null }
      },
      "5": {
        "start": { "line": 22, "column": 2 },
        "end": { "line": 28, "column": null }
      },
      "6": {
        "start": { "line": 23, "column": 4 },
        "end": { "line": 26, "column": null }
      },
      "7": {
        "start": { "line": 30, "column": 2 },
        "end": { "line": 36, "column": null }
      },
      "8": {
        "start": { "line": 31, "column": 4 },
        "end": { "line": 34, "column": null }
      },
      "9": {
        "start": { "line": 38, "column": 2 },
        "end": { "line": 56, "column": null }
      }
    },
    "fnMap": {
      "0": {
        "name": "(anonymous_0)",
        "decl": {
          "start": { "line": 6, "column": 16 },
          "end": { "line": 6, "column": 22 }
        },
        "loc": {
          "start": { "line": 6, "column": 22 },
          "end": { "line": 58, "column": null }
        }
      },
      "1": {
        "name": "(anonymous_1)",
        "decl": {
          "start": { "line": 18, "column": 12 },
          "end": { "line": 18, "column": 18 }
        },
        "loc": {
          "start": { "line": 18, "column": 18 },
          "end": { "line": 20, "column": 5 }
        }
      }
    },
    "branchMap": {
      "0": {
        "loc": {
          "start": { "line": 22, "column": 2 },
          "end": { "line": 28, "column": null }
        },
        "type": "if",
        "locations": [
          {
            "start": { "line": 22, "column": 2 },
            "end": { "line": 28, "column": null }
          },
          {
            "start": { "line": 22, "column": 2 },
            "end": { "line": 28, "column": null }
          }
        ]
      },
      "1": {
        "loc": {
          "start": { "line": 22, "column": 6 },
          "end": { "line": 22, "column": 43 }
        },
        "type": "binary-expr",
        "locations": [
          {
            "start": { "line": 22, "column": 6 },
            "end": { "line": 22, "column": 25 }
          },
          {
            "start": { "line": 22, "column": 25 },
            "end": { "line": 22, "column": 43 }
          }
        ]
      },
      "2": {
        "loc": {
          "start": { "line": 30, "column": 2 },
          "end": { "line": 36, "column": null }
        },
        "type": "if",
        "locations": [
          {
            "start": { "line": 30, "column": 2 },
            "end": { "line": 36, "column": null }
          },
          {
            "start": { "line": 30, "column": 2 },
            "end": { "line": 36, "column": null }
          }
        ]
      },
      "3": {
        "loc": {
          "start": { "line": 41, "column": 7 },
          "end": { "line": 45, "column": null }
        },
        "type": "binary-expr",
        "locations": [
          {
            "start": { "line": 41, "column": 7 },
            "end": { "line": 41, "column": null }
          },
          {
            "start": { "line": 42, "column": 8 },
            "end": { "line": 45, "column": null }
          }
        ]
      },
      "4": {
        "loc": {
          "start": { "line": 47, "column": 7 },
          "end": { "line": 51, "column": null }
        },
        "type": "binary-expr",
        "locations": [
          {
            "start": { "line": 47, "column": 7 },
            "end": { "line": 47, "column": null }
          },
          {
            "start": { "line": 48, "column": 8 },
            "end": { "line": 51, "column": null }
          }
        ]
      },
      "5": {
        "loc": {
          "start": { "line": 50, "column": 11 },
          "end": { "line": 50, "column": null }
        },
        "type": "cond-expr",
        "locations": [
          {
            "start": { "line": 50, "column": 42 },
            "end": { "line": 50, "column": 51 }
          },
          {
            "start": { "line": 50, "column": 51 },
            "end": { "line": 50, "column": null }
          }
        ]
      }
    },
    "s": {
      "0": 2,
      "1": 6,
      "2": 6,
      "3": 6,
      "4": 6,
      "5": 6,
      "6": 4,
      "7": 2,
      "8": 1,
      "9": 1
    },
    "f": { "0": 6, "1": 2 },
    "b": {
      "0": [4, 2],
      "1": [6, 2],
      "2": [1, 1],
      "3": [1, 1],
      "4": [1, 1],
      "5": [0, 1]
    }
  },
  "/Users/anastasia/Desktop/react-component-rsschool-react-2023-q4-swapi/src/Components/Error/ErrorButton.tsx": {
    "path": "/Users/anastasia/Desktop/react-component-rsschool-react-2023-q4-swapi/src/Components/Error/ErrorButton.tsx",
    "statementMap": {
      "0": {
        "start": { "line": 3, "column": 20 },
        "end": { "line": 19, "column": null }
      },
      "1": {
        "start": { "line": 4, "column": 34 },
        "end": { "line": 4, "column": null }
      },
      "2": {
        "start": { "line": 6, "column": 22 },
        "end": { "line": 8, "column": null }
      },
      "3": {
        "start": { "line": 7, "column": 4 },
        "end": { "line": 7, "column": null }
      },
      "4": {
        "start": { "line": 10, "column": 2 },
        "end": { "line": 12, "column": null }
      },
      "5": {
        "start": { "line": 11, "column": 4 },
        "end": { "line": 11, "column": null }
      },
      "6": {
        "start": { "line": 14, "column": 2 },
        "end": { "line": 17, "column": null }
      }
    },
    "fnMap": {
      "0": {
        "name": "(anonymous_0)",
        "decl": {
          "start": { "line": 3, "column": 20 },
          "end": { "line": 3, "column": 26 }
        },
        "loc": {
          "start": { "line": 3, "column": 26 },
          "end": { "line": 19, "column": null }
        }
      },
      "1": {
        "name": "(anonymous_1)",
        "decl": {
          "start": { "line": 6, "column": 22 },
          "end": { "line": 6, "column": 28 }
        },
        "loc": {
          "start": { "line": 6, "column": 28 },
          "end": { "line": 8, "column": null }
        }
      }
    },
    "branchMap": {
      "0": {
        "loc": {
          "start": { "line": 10, "column": 2 },
          "end": { "line": 12, "column": null }
        },
        "type": "if",
        "locations": [
          {
            "start": { "line": 10, "column": 2 },
            "end": { "line": 12, "column": null }
          },
          {
            "start": { "line": 10, "column": 2 },
            "end": { "line": 12, "column": null }
          }
        ]
      }
    },
    "s": { "0": 4, "1": 39, "2": 38, "3": 1, "4": 38, "5": 4, "6": 34 },
    "f": { "0": 39, "1": 1 },
    "b": { "0": [4, 34] }
  },
  "/Users/anastasia/Desktop/react-component-rsschool-react-2023-q4-swapi/src/Components/Error/NotFound.tsx": {
    "path": "/Users/anastasia/Desktop/react-component-rsschool-react-2023-q4-swapi/src/Components/Error/NotFound.tsx",
    "statementMap": {
      "0": {
        "start": { "line": 2, "column": 2 },
        "end": { "line": 6, "column": null }
      }
    },
    "fnMap": {
      "0": {
        "name": "ErrorPage",
        "decl": {
          "start": { "line": 1, "column": 24 },
          "end": { "line": 1, "column": 36 }
        },
        "loc": {
          "start": { "line": 1, "column": 36 },
          "end": { "line": 8, "column": null }
        }
      }
    },
    "branchMap": {},
    "s": { "0": 1 },
    "f": { "0": 1 },
    "b": {}
  },
  "/Users/anastasia/Desktop/react-component-rsschool-react-2023-q4-swapi/src/Components/Loader/Loader.tsx": {
    "path": "/Users/anastasia/Desktop/react-component-rsschool-react-2023-q4-swapi/src/Components/Loader/Loader.tsx",
    "statementMap": {
      "0": {
        "start": { "line": 1, "column": 15 },
        "end": { "line": 3, "column": null }
      },
      "1": {
        "start": { "line": 2, "column": 2 },
        "end": { "line": 2, "column": null }
      }
    },
    "fnMap": {
      "0": {
        "name": "(anonymous_0)",
        "decl": {
          "start": { "line": 1, "column": 15 },
          "end": { "line": 1, "column": 21 }
        },
        "loc": {
          "start": { "line": 1, "column": 21 },
          "end": { "line": 3, "column": null }
        }
      }
    },
    "branchMap": {},
    "s": { "0": 4, "1": 16 },
    "f": { "0": 16 },
    "b": {}
  },
  "/Users/anastasia/Desktop/react-component-rsschool-react-2023-q4-swapi/src/Components/SearchBar/SearchBar.tsx": {
    "path": "/Users/anastasia/Desktop/react-component-rsschool-react-2023-q4-swapi/src/Components/SearchBar/SearchBar.tsx",
    "statementMap": {
      "0": {
        "start": { "line": 6, "column": 18 },
        "end": { "line": 48, "column": null }
      },
      "1": {
        "start": { "line": 7, "column": 26 },
        "end": { "line": 7, "column": null }
      },
      "2": {
        "start": { "line": 7, "column": 52 },
        "end": { "line": 7, "column": 71 }
      },
      "3": {
        "start": { "line": 8, "column": 26 },
        "end": { "line": 8, "column": null }
      },
      "4": {
        "start": { "line": 9, "column": 19 },
        "end": { "line": 9, "column": null }
      },
      "5": {
        "start": { "line": 10, "column": 38 },
        "end": { "line": 10, "column": null }
      },
      "6": {
        "start": { "line": 12, "column": 2 },
        "end": { "line": 14, "column": null }
      },
      "7": {
        "start": { "line": 13, "column": 4 },
        "end": { "line": 13, "column": null }
      },
      "8": {
        "start": { "line": 16, "column": 28 },
        "end": { "line": 19, "column": null }
      },
      "9": {
        "start": { "line": 17, "column": 4 },
        "end": { "line": 17, "column": null }
      },
      "10": {
        "start": { "line": 18, "column": 4 },
        "end": { "line": 18, "column": null }
      },
      "11": {
        "start": { "line": 21, "column": 22 },
        "end": { "line": 26, "column": null }
      },
      "12": {
        "start": { "line": 24, "column": 4 },
        "end": { "line": 24, "column": null }
      },
      "13": {
        "start": { "line": 25, "column": 4 },
        "end": { "line": 25, "column": null }
      },
      "14": {
        "start": { "line": 28, "column": 2 },
        "end": { "line": 46, "column": null }
      },
      "15": {
        "start": { "line": 38, "column": 29 },
        "end": { "line": 38, "column": null }
      },
      "16": {
        "start": { "line": 40, "column": 48 },
        "end": { "line": 40, "column": 64 }
      }
    },
    "fnMap": {
      "0": {
        "name": "(anonymous_0)",
        "decl": {
          "start": { "line": 6, "column": 18 },
          "end": { "line": 6, "column": 24 }
        },
        "loc": {
          "start": { "line": 6, "column": 24 },
          "end": { "line": 48, "column": null }
        }
      },
      "1": {
        "name": "(anonymous_1)",
        "decl": {
          "start": { "line": 7, "column": 41 },
          "end": { "line": 7, "column": 42 }
        },
        "loc": {
          "start": { "line": 7, "column": 52 },
          "end": { "line": 7, "column": 71 }
        }
      },
      "2": {
        "name": "(anonymous_2)",
        "decl": {
          "start": { "line": 12, "column": 12 },
          "end": { "line": 12, "column": 18 }
        },
        "loc": {
          "start": { "line": 12, "column": 18 },
          "end": { "line": 14, "column": 5 }
        }
      },
      "3": {
        "name": "(anonymous_3)",
        "decl": {
          "start": { "line": 16, "column": 28 },
          "end": { "line": 16, "column": 29 }
        },
        "loc": {
          "start": { "line": 16, "column": 76 },
          "end": { "line": 19, "column": null }
        }
      },
      "4": {
        "name": "(anonymous_4)",
        "decl": {
          "start": { "line": 21, "column": 22 },
          "end": { "line": 21, "column": null }
        },
        "loc": {
          "start": { "line": 23, "column": 7 },
          "end": { "line": 26, "column": null }
        }
      },
      "5": {
        "name": "(anonymous_5)",
        "decl": {
          "start": { "line": 38, "column": 22 },
          "end": { "line": 38, "column": 23 }
        },
        "loc": {
          "start": { "line": 38, "column": 29 },
          "end": { "line": 38, "column": null }
        }
      },
      "6": {
        "name": "(anonymous_6)",
        "decl": {
          "start": { "line": 40, "column": 41 },
          "end": { "line": 40, "column": 42 }
        },
        "loc": {
          "start": { "line": 40, "column": 48 },
          "end": { "line": 40, "column": 64 }
        }
      }
    },
    "branchMap": {},
    "s": {
      "0": 3,
      "1": 32,
      "2": 73,
      "3": 32,
      "4": 32,
      "5": 32,
      "6": 32,
      "7": 8,
      "8": 32,
      "9": 0,
      "10": 0,
      "11": 32,
      "12": 0,
      "13": 0,
      "14": 32,
      "15": 0,
      "16": 0
    },
    "f": { "0": 32, "1": 73, "2": 8, "3": 0, "4": 0, "5": 0, "6": 0 },
    "b": {}
  },
  "/Users/anastasia/Desktop/react-component-rsschool-react-2023-q4-swapi/src/Components/hooks/details.ts": {
    "path": "/Users/anastasia/Desktop/react-component-rsschool-react-2023-q4-swapi/src/Components/hooks/details.ts",
    "statementMap": {
      "0": {
        "start": { "line": 6, "column": 26 },
        "end": { "line": 29, "column": null }
      },
      "1": {
        "start": { "line": 7, "column": 28 },
        "end": { "line": 7, "column": null }
      },
      "2": {
        "start": { "line": 7, "column": 54 },
        "end": { "line": 7, "column": 72 }
      },
      "3": {
        "start": { "line": 8, "column": 28 },
        "end": { "line": 8, "column": null }
      },
      "4": {
        "start": { "line": 9, "column": 19 },
        "end": { "line": 9, "column": null }
      },
      "5": {
        "start": { "line": 10, "column": 20 },
        "end": { "line": 10, "column": null }
      },
      "6": {
        "start": { "line": 12, "column": 15 },
        "end": { "line": 16, "column": null }
      },
      "7": {
        "start": { "line": 13, "column": 4 },
        "end": { "line": 15, "column": null }
      },
      "8": {
        "start": { "line": 14, "column": 6 },
        "end": { "line": 14, "column": null }
      },
      "9": {
        "start": { "line": 18, "column": 16 },
        "end": { "line": 23, "column": null }
      },
      "10": {
        "start": { "line": 19, "column": 4 },
        "end": { "line": 22, "column": null }
      },
      "11": {
        "start": { "line": 20, "column": 6 },
        "end": { "line": 20, "column": null }
      },
      "12": {
        "start": { "line": 21, "column": 6 },
        "end": { "line": 21, "column": null }
      },
      "13": {
        "start": { "line": 25, "column": 2 },
        "end": { "line": 28, "column": null }
      }
    },
    "fnMap": {
      "0": {
        "name": "(anonymous_0)",
        "decl": {
          "start": { "line": 6, "column": 26 },
          "end": { "line": 6, "column": 32 }
        },
        "loc": {
          "start": { "line": 6, "column": 32 },
          "end": { "line": 29, "column": null }
        }
      },
      "1": {
        "name": "(anonymous_1)",
        "decl": {
          "start": { "line": 7, "column": 43 },
          "end": { "line": 7, "column": 44 }
        },
        "loc": {
          "start": { "line": 7, "column": 54 },
          "end": { "line": 7, "column": 72 }
        }
      },
      "2": {
        "name": "(anonymous_2)",
        "decl": {
          "start": { "line": 12, "column": 15 },
          "end": { "line": 12, "column": 21 }
        },
        "loc": {
          "start": { "line": 12, "column": 21 },
          "end": { "line": 16, "column": null }
        }
      },
      "3": {
        "name": "(anonymous_3)",
        "decl": {
          "start": { "line": 18, "column": 16 },
          "end": { "line": 18, "column": 22 }
        },
        "loc": {
          "start": { "line": 18, "column": 22 },
          "end": { "line": 23, "column": null }
        }
      }
    },
    "branchMap": {
      "0": {
        "loc": {
          "start": { "line": 13, "column": 4 },
          "end": { "line": 15, "column": null }
        },
        "type": "if",
        "locations": [
          {
            "start": { "line": 13, "column": 4 },
            "end": { "line": 15, "column": null }
          },
          {
            "start": { "line": 13, "column": 4 },
            "end": { "line": 15, "column": null }
          }
        ]
      },
      "1": {
        "loc": {
          "start": { "line": 19, "column": 4 },
          "end": { "line": 22, "column": null }
        },
        "type": "if",
        "locations": [
          {
            "start": { "line": 19, "column": 4 },
            "end": { "line": 22, "column": null }
          },
          {
            "start": { "line": 19, "column": 4 },
            "end": { "line": 22, "column": null }
          }
        ]
      }
    },
    "s": {
      "0": 6,
      "1": 55,
      "2": 128,
      "3": 55,
      "4": 55,
      "5": 55,
      "6": 55,
      "7": 0,
      "8": 0,
      "9": 55,
      "10": 0,
      "11": 0,
      "12": 0,
      "13": 55
    },
    "f": { "0": 55, "1": 128, "2": 0, "3": 0 },
    "b": { "0": [0, 0], "1": [0, 0] }
  },
  "/Users/anastasia/Desktop/react-component-rsschool-react-2023-q4-swapi/src/Components/hooks/redux.ts": {
    "path": "/Users/anastasia/Desktop/react-component-rsschool-react-2023-q4-swapi/src/Components/hooks/redux.ts",
    "statementMap": {
      "0": {
        "start": { "line": 4, "column": 30 },
        "end": { "line": 4, "column": null }
      },
      "1": {
        "start": { "line": 4, "column": 36 },
        "end": { "line": 4, "column": null }
      },
      "2": {
        "start": { "line": 5, "column": 63 },
        "end": { "line": 5, "column": null }
      }
    },
    "fnMap": {
      "0": {
        "name": "(anonymous_0)",
        "decl": {
          "start": { "line": 4, "column": 30 },
          "end": { "line": 4, "column": 36 }
        },
        "loc": {
          "start": { "line": 4, "column": 36 },
          "end": { "line": 4, "column": null }
        }
      }
    },
    "branchMap": {},
    "s": { "0": 6, "1": 64, "2": 6 },
    "f": { "0": 64 },
    "b": {}
  },
  "/Users/anastasia/Desktop/react-component-rsschool-react-2023-q4-swapi/src/Pages/Main/Main.tsx": {
    "path": "/Users/anastasia/Desktop/react-component-rsschool-react-2023-q4-swapi/src/Pages/Main/Main.tsx",
    "statementMap": {
      "0": {
        "start": { "line": 11, "column": 13 },
        "end": { "line": 117, "column": null }
      },
      "1": {
        "start": { "line": 12, "column": 34 },
        "end": { "line": 12, "column": null }
      },
      "2": {
        "start": { "line": 13, "column": 34 },
        "end": { "line": 13, "column": null }
      },
      "3": {
        "start": { "line": 14, "column": 40 },
        "end": { "line": 14, "column": null }
      },
      "4": {
        "start": { "line": 15, "column": 38 },
        "end": { "line": 15, "column": null }
      },
      "5": {
        "start": { "line": 17, "column": 26 },
        "end": { "line": 17, "column": null }
      },
      "6": {
        "start": { "line": 17, "column": 52 },
        "end": { "line": 17, "column": 71 }
      },
      "7": {
        "start": { "line": 18, "column": 43 },
        "end": { "line": 18, "column": null }
      },
      "8": {
        "start": { "line": 20, "column": 19 },
        "end": { "line": 20, "column": null }
      },
      "9": {
        "start": { "line": 22, "column": 26 },
        "end": { "line": 25, "column": null }
      },
      "10": {
        "start": { "line": 28, "column": 4 },
        "end": { "line": 28, "column": null }
      },
      "11": {
        "start": { "line": 30, "column": 19 },
        "end": { "line": 30, "column": null }
      },
      "12": {
        "start": { "line": 32, "column": 2 },
        "end": { "line": 41, "column": null }
      },
      "13": {
        "start": { "line": 33, "column": 4 },
        "end": { "line": 33, "column": null }
      },
      "14": {
        "start": { "line": 34, "column": 4 },
        "end": { "line": 40, "column": null }
      },
      "15": {
        "start": { "line": 35, "column": 6 },
        "end": { "line": 35, "column": null }
      },
      "16": {
        "start": { "line": 36, "column": 6 },
        "end": { "line": 36, "column": null }
      },
      "17": {
        "start": { "line": 37, "column": 6 },
        "end": { "line": 37, "column": null }
      },
      "18": {
        "start": { "line": 38, "column": 6 },
        "end": { "line": 38, "column": null }
      },
      "19": {
        "start": { "line": 39, "column": 6 },
        "end": { "line": 39, "column": null }
      },
      "20": {
        "start": { "line": 43, "column": 25 },
        "end": { "line": 47, "column": null }
      },
      "21": {
        "start": { "line": 44, "column": 4 },
        "end": { "line": 46, "column": null }
      },
      "22": {
        "start": { "line": 45, "column": 6 },
        "end": { "line": 45, "column": null }
      },
      "23": {
        "start": { "line": 49, "column": 25 },
        "end": { "line": 53, "column": null }
      },
      "24": {
        "start": { "line": 50, "column": 4 },
        "end": { "line": 52, "column": null }
      },
      "25": {
        "start": { "line": 51, "column": 6 },
        "end": { "line": 51, "column": null }
      },
      "26": {
        "start": { "line": 55, "column": 20 },
        "end": { "line": 55, "column": null }
      },
      "27": {
        "start": { "line": 57, "column": 2 },
        "end": { "line": 64, "column": null }
      },
      "28": {
        "start": { "line": 58, "column": 4 },
        "end": { "line": 62, "column": null }
      },
      "29": {
        "start": { "line": 66, "column": 2 },
        "end": { "line": 73, "column": null }
      },
      "30": {
        "start": { "line": 67, "column": 4 },
        "end": { "line": 71, "column": null }
      },
      "31": {
        "start": { "line": 75, "column": 2 },
        "end": { "line": 82, "column": null }
      },
      "32": {
        "start": { "line": 76, "column": 4 },
        "end": { "line": 80, "column": null }
      },
      "33": {
        "start": { "line": 84, "column": 2 },
        "end": { "line": 115, "column": null }
      },
      "34": {
        "start": { "line": 91, "column": 14 },
        "end": { "line": 91, "column": null }
      },
      "35": {
        "start": { "line": 99, "column": 25 },
        "end": { "line": 99, "column": null }
      },
      "36": {
        "start": { "line": 109, "column": 25 },
        "end": { "line": 109, "column": null }
      }
    },
    "fnMap": {
      "0": {
        "name": "(anonymous_0)",
        "decl": {
          "start": { "line": 11, "column": 13 },
          "end": { "line": 11, "column": 19 }
        },
        "loc": {
          "start": { "line": 11, "column": 19 },
          "end": { "line": 117, "column": null }
        }
      },
      "1": {
        "name": "(anonymous_1)",
        "decl": {
          "start": { "line": 17, "column": 41 },
          "end": { "line": 17, "column": 42 }
        },
        "loc": {
          "start": { "line": 17, "column": 52 },
          "end": { "line": 17, "column": 71 }
        }
      },
      "2": {
        "name": "(anonymous_2)",
        "decl": {
          "start": { "line": 32, "column": 12 },
          "end": { "line": 32, "column": 18 }
        },
        "loc": {
          "start": { "line": 32, "column": 18 },
          "end": { "line": 41, "column": 5 }
        }
      },
      "3": {
        "name": "(anonymous_3)",
        "decl": {
          "start": { "line": 43, "column": 25 },
          "end": { "line": 43, "column": 37 }
        },
        "loc": {
          "start": { "line": 43, "column": 37 },
          "end": { "line": 47, "column": null }
        }
      },
      "4": {
        "name": "(anonymous_4)",
        "decl": {
          "start": { "line": 49, "column": 25 },
          "end": { "line": 49, "column": 37 }
        },
        "loc": {
          "start": { "line": 49, "column": 37 },
          "end": { "line": 53, "column": null }
        }
      },
      "5": {
        "name": "(anonymous_5)",
        "decl": {
          "start": { "line": 90, "column": 29 },
          "end": { "line": 90, "column": 30 }
        },
        "loc": {
          "start": { "line": 91, "column": 14 },
          "end": { "line": 91, "column": null }
        }
      },
      "6": {
        "name": "(anonymous_6)",
        "decl": {
          "start": { "line": 99, "column": 19 },
          "end": { "line": 99, "column": 25 }
        },
        "loc": {
          "start": { "line": 99, "column": 25 },
          "end": { "line": 99, "column": null }
        }
      },
      "7": {
        "name": "(anonymous_7)",
        "decl": {
          "start": { "line": 109, "column": 19 },
          "end": { "line": 109, "column": 25 }
        },
        "loc": {
          "start": { "line": 109, "column": 25 },
          "end": { "line": 109, "column": null }
        }
      }
    },
    "branchMap": {
      "0": {
        "loc": {
          "start": { "line": 34, "column": 4 },
          "end": { "line": 40, "column": null }
        },
        "type": "if",
        "locations": [
          {
            "start": { "line": 34, "column": 4 },
            "end": { "line": 40, "column": null }
          },
          {
            "start": { "line": 34, "column": 4 },
            "end": { "line": 40, "column": null }
          }
        ]
      },
      "1": {
        "loc": {
          "start": { "line": 44, "column": 4 },
          "end": { "line": 46, "column": null }
        },
        "type": "if",
        "locations": [
          {
            "start": { "line": 44, "column": 4 },
            "end": { "line": 46, "column": null }
          },
          {
            "start": { "line": 44, "column": 4 },
            "end": { "line": 46, "column": null }
          }
        ]
      },
      "2": {
        "loc": {
          "start": { "line": 50, "column": 4 },
          "end": { "line": 52, "column": null }
        },
        "type": "if",
        "locations": [
          {
            "start": { "line": 50, "column": 4 },
            "end": { "line": 52, "column": null }
          },
          {
            "start": { "line": 50, "column": 4 },
            "end": { "line": 52, "column": null }
          }
        ]
      },
      "3": {
        "loc": {
          "start": { "line": 57, "column": 2 },
          "end": { "line": 64, "column": null }
        },
        "type": "if",
        "locations": [
          {
            "start": { "line": 57, "column": 2 },
            "end": { "line": 64, "column": null }
          },
          {
            "start": { "line": 57, "column": 2 },
            "end": { "line": 64, "column": null }
          }
        ]
      },
      "4": {
        "loc": {
          "start": { "line": 57, "column": 6 },
          "end": { "line": 57, "column": 31 }
        },
        "type": "binary-expr",
        "locations": [
          {
            "start": { "line": 57, "column": 6 },
            "end": { "line": 57, "column": 19 }
          },
          {
            "start": { "line": 57, "column": 19 },
            "end": { "line": 57, "column": 31 }
          }
        ]
      },
      "5": {
        "loc": {
          "start": { "line": 66, "column": 2 },
          "end": { "line": 73, "column": null }
        },
        "type": "if",
        "locations": [
          {
            "start": { "line": 66, "column": 2 },
            "end": { "line": 73, "column": null }
          },
          {
            "start": { "line": 66, "column": 2 },
            "end": { "line": 73, "column": null }
          }
        ]
      },
      "6": {
        "loc": {
          "start": { "line": 75, "column": 2 },
          "end": { "line": 82, "column": null }
        },
        "type": "if",
        "locations": [
          {
            "start": { "line": 75, "column": 2 },
            "end": { "line": 82, "column": null }
          },
          {
            "start": { "line": 75, "column": 2 },
            "end": { "line": 82, "column": null }
          }
        ]
      },
      "7": {
        "loc": {
          "start": { "line": 89, "column": 11 },
          "end": { "line": 92, "column": null }
        },
        "type": "binary-expr",
        "locations": [
          {
            "start": { "line": 89, "column": 11 },
            "end": { "line": 89, "column": null }
          },
          {
            "start": { "line": 90, "column": 12 },
            "end": { "line": 92, "column": null }
          }
        ]
      }
    },
    "s": {
      "0": 3,
      "1": 32,
      "2": 32,
      "3": 32,
      "4": 32,
      "5": 32,
      "6": 73,
      "7": 32,
      "8": 32,
      "9": 32,
      "10": 32,
      "11": 32,
      "12": 32,
      "13": 12,
      "14": 12,
      "15": 8,
      "16": 8,
      "17": 8,
      "18": 8,
      "19": 8,
      "20": 32,
      "21": 1,
      "22": 1,
      "23": 32,
      "24": 1,
      "25": 1,
      "26": 32,
      "27": 32,
      "28": 15,
      "29": 17,
      "30": 2,
      "31": 15,
      "32": 1,
      "33": 14,
      "34": 14,
      "35": 1,
      "36": 1
    },
    "f": { "0": 32, "1": 73, "2": 12, "3": 1, "4": 1, "5": 14, "6": 1, "7": 1 },
    "b": {
      "0": [8, 4],
      "1": [1, 0],
      "2": [1, 0],
      "3": [15, 17],
      "4": [32, 21],
      "5": [2, 15],
      "6": [1, 14],
      "7": [14, 14]
    }
  },
  "/Users/anastasia/Desktop/react-component-rsschool-react-2023-q4-swapi/src/mocks/mockData.ts": {
    "path": "/Users/anastasia/Desktop/react-component-rsschool-react-2023-q4-swapi/src/mocks/mockData.ts",
    "statementMap": {
      "0": {
        "start": { "line": 1, "column": 27 },
        "end": { "line": 40, "column": null }
      },
      "1": {
        "start": { "line": 42, "column": 38 },
        "end": { "line": 47, "column": null }
      },
      "2": {
        "start": { "line": 49, "column": 33 },
        "end": { "line": 81, "column": null }
      }
    },
    "fnMap": {},
    "branchMap": {},
    "s": { "0": 5, "1": 5, "2": 5 },
    "f": {},
    "b": {}
  },
  "/Users/anastasia/Desktop/react-component-rsschool-react-2023-q4-swapi/src/services/PlanetService.ts": {
    "path": "/Users/anastasia/Desktop/react-component-rsschool-react-2023-q4-swapi/src/services/PlanetService.ts",
    "statementMap": {
      "0": {
        "start": { "line": 22, "column": 25 },
        "end": { "line": 41, "column": null }
      },
      "1": {
        "start": { "line": 25, "column": 25 },
        "end": { "line": 40, "column": null }
      },
      "2": {
        "start": { "line": 27, "column": 34 },
        "end": { "line": 33, "column": null }
      },
      "3": {
        "start": { "line": 36, "column": 22 },
        "end": { "line": 38, "column": null }
      }
    },
    "fnMap": {
      "0": {
        "name": "(anonymous_0)",
        "decl": {
          "start": { "line": 25, "column": 13 },
          "end": { "line": 25, "column": 14 }
        },
        "loc": {
          "start": { "line": 25, "column": 25 },
          "end": { "line": 40, "column": null }
        }
      },
      "1": {
        "name": "(anonymous_1)",
        "decl": {
          "start": { "line": 27, "column": 13 },
          "end": { "line": 27, "column": 14 }
        },
        "loc": {
          "start": { "line": 27, "column": 34 },
          "end": { "line": 33, "column": null }
        }
      },
      "2": {
        "name": "(anonymous_2)",
        "decl": {
          "start": { "line": 36, "column": 13 },
          "end": { "line": 36, "column": 14 }
        },
        "loc": {
          "start": { "line": 36, "column": 22 },
          "end": { "line": 38, "column": null }
        }
      }
    },
    "branchMap": {},
    "s": { "0": 7, "1": 7, "2": 5, "3": 2 },
    "f": { "0": 7, "1": 5, "2": 2 },
    "b": {}
  },
  "/Users/anastasia/Desktop/react-component-rsschool-react-2023-q4-swapi/src/store/store.ts": {
    "path": "/Users/anastasia/Desktop/react-component-rsschool-react-2023-q4-swapi/src/store/store.ts",
    "statementMap": {
      "0": {
        "start": { "line": 7, "column": 20 },
        "end": { "line": 12, "column": null }
      },
      "1": {
        "start": { "line": 14, "column": 26 },
        "end": { "line": 20, "column": null }
      },
      "2": {
        "start": { "line": 15, "column": 2 },
        "end": { "line": 19, "column": null }
      },
      "3": {
        "start": { "line": 18, "column": 6 },
        "end": { "line": 18, "column": null }
      }
    },
    "fnMap": {
      "0": {
        "name": "(anonymous_0)",
        "decl": {
          "start": { "line": 14, "column": 26 },
          "end": { "line": 14, "column": 32 }
        },
        "loc": {
          "start": { "line": 14, "column": 32 },
          "end": { "line": 20, "column": null }
        }
      },
      "1": {
        "name": "(anonymous_1)",
        "decl": {
          "start": { "line": 17, "column": 16 },
          "end": { "line": 17, "column": 17 }
        },
        "loc": {
          "start": { "line": 18, "column": 6 },
          "end": { "line": 18, "column": null }
        }
      }
    },
    "branchMap": {},
    "s": { "0": 1, "1": 1, "2": 1, "3": 1 },
    "f": { "0": 1, "1": 1 },
    "b": {}
  },
  "/Users/anastasia/Desktop/react-component-rsschool-react-2023-q4-swapi/src/store/reducers/DetailsSlice.ts": {
    "path": "/Users/anastasia/Desktop/react-component-rsschool-react-2023-q4-swapi/src/store/reducers/DetailsSlice.ts",
    "statementMap": {
      "0": {
        "start": { "line": 7, "column": 35 },
        "end": { "line": 9, "column": null }
      },
      "1": {
        "start": { "line": 11, "column": 28 },
        "end": { "line": 19, "column": null }
      },
      "2": {
        "start": { "line": 16, "column": 6 },
        "end": { "line": 16, "column": null }
      }
    },
    "fnMap": {
      "0": {
        "name": "(anonymous_0)",
        "decl": {
          "start": { "line": 15, "column": 4 },
          "end": { "line": 15, "column": 18 }
        },
        "loc": {
          "start": { "line": 15, "column": 57 },
          "end": { "line": 17, "column": null }
        }
      }
    },
    "branchMap": {},
    "s": { "0": 7, "1": 7, "2": 0 },
    "f": { "0": 0 },
    "b": {}
  },
  "/Users/anastasia/Desktop/react-component-rsschool-react-2023-q4-swapi/src/store/reducers/ResultsSlice.ts": {
    "path": "/Users/anastasia/Desktop/react-component-rsschool-react-2023-q4-swapi/src/store/reducers/ResultsSlice.ts",
    "statementMap": {
      "0": {
        "start": { "line": 9, "column": 35 },
        "end": { "line": 12, "column": null }
      },
      "1": {
        "start": { "line": 14, "column": 28 },
        "end": { "line": 25, "column": null }
      },
      "2": {
        "start": { "line": 19, "column": 6 },
        "end": { "line": 19, "column": null }
      },
      "3": {
        "start": { "line": 22, "column": 6 },
        "end": { "line": 22, "column": null }
      }
    },
    "fnMap": {
      "0": {
        "name": "(anonymous_0)",
        "decl": {
          "start": { "line": 18, "column": 4 },
          "end": { "line": 18, "column": 15 }
        },
        "loc": {
          "start": { "line": 18, "column": 55 },
          "end": { "line": 20, "column": null }
        }
      },
      "1": {
        "name": "(anonymous_1)",
        "decl": {
          "start": { "line": 21, "column": 4 },
          "end": { "line": 21, "column": 21 }
        },
        "loc": {
          "start": { "line": 21, "column": 59 },
          "end": { "line": 23, "column": null }
        }
      }
    },
    "branchMap": {},
    "s": { "0": 7, "1": 7, "2": 8, "3": 8 },
    "f": { "0": 8, "1": 8 },
    "b": {}
  },
  "/Users/anastasia/Desktop/react-component-rsschool-react-2023-q4-swapi/src/store/reducers/SearchSlice.ts": {
    "path": "/Users/anastasia/Desktop/react-component-rsschool-react-2023-q4-swapi/src/store/reducers/SearchSlice.ts",
    "statementMap": {
      "0": {
        "start": { "line": 7, "column": 34 },
        "end": { "line": 9, "column": null }
      },
      "1": {
        "start": { "line": 11, "column": 27 },
        "end": { "line": 20, "column": null }
      },
      "2": {
        "start": { "line": 16, "column": 6 },
        "end": { "line": 16, "column": null }
      },
      "3": {
        "start": { "line": 17, "column": 6 },
        "end": { "line": 17, "column": null }
      }
    },
    "fnMap": {
      "0": {
        "name": "(anonymous_0)",
        "decl": {
          "start": { "line": 15, "column": 4 },
          "end": { "line": 15, "column": 16 }
        },
        "loc": {
          "start": { "line": 15, "column": 54 },
          "end": { "line": 18, "column": null }
        }
      }
    },
    "branchMap": {
      "0": {
        "loc": {
          "start": { "line": 8, "column": 15 },
          "end": { "line": 8, "column": null }
        },
        "type": "binary-expr",
        "locations": [
          {
            "start": { "line": 8, "column": 15 },
            "end": { "line": 8, "column": 53 }
          },
          {
            "start": { "line": 8, "column": 53 },
            "end": { "line": 8, "column": null }
          }
        ]
      }
    },
    "s": { "0": 8, "1": 8, "2": 1, "3": 1 },
    "f": { "0": 1 },
    "b": { "0": [8, 8] }
  }
}
